<?xml version="1.0" encoding="UTF-8"?>
<testng-results ignored="0" total="3" passed="2" failed="1" skipped="0">
  <reporter-output>
  </reporter-output>
  <suite started-at="2022-02-03T19:16:54 CET" name="All Test Suite" finished-at="2022-02-03T19:17:08 CET" duration-ms="14040">
    <groups>
    </groups>
    <test started-at="2022-02-03T19:16:54 CET" name="/Users/joannajachowicz/IdeaProjects/Webinar-18a" finished-at="2022-02-03T19:17:08 CET" duration-ms="14040">
      <class name="sampleshop.pages.HomePageTests">
        <test-method is-config="true" signature="setUp()[pri:0, instance:sampleshop.pages.HomePageTests@6c130c45]" started-at="2022-02-03T19:16:54 CET" name="setUp" finished-at="2022-02-03T19:16:56 CET" duration-ms="2275" status="PASS">
          <reporter-output>
          </reporter-output>
        </test-method> <!-- setUp -->
        <test-method signature="checkCategoriesIMenu()[pri:0, instance:sampleshop.pages.HomePageTests@6c130c45]" started-at="2022-02-03T19:16:56 CET" name="checkCategoriesIMenu" finished-at="2022-02-03T19:17:03 CET" duration-ms="6458" status="PASS">
          <reporter-output>
          </reporter-output>
        </test-method> <!-- checkCategoriesIMenu -->
        <test-method is-config="true" signature="testTearDown(org.testng.ITestResult)[pri:0, instance:sampleshop.pages.HomePageTests@6c130c45]" started-at="2022-02-03T19:17:03 CET" name="testTearDown" finished-at="2022-02-03T19:17:03 CET" duration-ms="2" status="PASS">
          <params>
            <param index="0">
              <value>
                <![CDATA[[TestResult name=checkCategoriesIMenu status=SUCCESS method=HomePageTests.checkCategoriesIMenu()[pri:0, instance:sampleshop.pages.HomePageTests@6c130c45] output={null}]]]>
              </value>
            </param>
          </params>
          <reporter-output>
          </reporter-output>
        </test-method> <!-- testTearDown -->
        <test-method signature="testWillFail()[pri:0, instance:sampleshop.pages.HomePageTests@6c130c45]" started-at="2022-02-03T19:17:03 CET" name="testWillFail" finished-at="2022-02-03T19:17:03 CET" duration-ms="0" status="FAIL">
          <exception class="java.lang.AssertionError">
            <message>
              <![CDATA[expected [2] but found [1]]]>
            </message>
            <full-stacktrace>
              <![CDATA[java.lang.AssertionError: expected [2] but found [1]
at org.testng.Assert.fail(Assert.java:99)
at org.testng.Assert.failNotEquals(Assert.java:1037)
at org.testng.Assert.assertEqualsImpl(Assert.java:140)
at org.testng.Assert.assertEquals(Assert.java:122)
at org.testng.Assert.assertEquals(Assert.java:907)
at org.testng.Assert.assertEquals(Assert.java:917)
at sampleshop.pages.HomePageTests.testWillFail(HomePageTests.java:17)
at java.base/jdk.internal.reflect.NativeMethodAccessorImpl.invoke0(Native Method)
at java.base/jdk.internal.reflect.NativeMethodAccessorImpl.invoke(NativeMethodAccessorImpl.java:62)
at java.base/jdk.internal.reflect.DelegatingMethodAccessorImpl.invoke(DelegatingMethodAccessorImpl.java:43)
at java.base/java.lang.reflect.Method.invoke(Method.java:566)
at org.testng.internal.MethodInvocationHelper.invokeMethod(MethodInvocationHelper.java:133)
at org.testng.internal.TestInvoker.invokeMethod(TestInvoker.java:598)
at org.testng.internal.TestInvoker.invokeTestMethod(TestInvoker.java:173)
at org.testng.internal.MethodRunner.runInSequence(MethodRunner.java:46)
at org.testng.internal.TestInvoker$MethodInvocationAgent.invoke(TestInvoker.java:824)
at org.testng.internal.TestInvoker.invokeTestMethods(TestInvoker.java:146)
at org.testng.internal.TestMethodWorker.invokeTestMethods(TestMethodWorker.java:146)
at org.testng.internal.TestMethodWorker.run(TestMethodWorker.java:128)
at java.base/java.util.ArrayList.forEach(ArrayList.java:1541)
at org.testng.TestRunner.privateRun(TestRunner.java:794)
at org.testng.TestRunner.run(TestRunner.java:596)
at org.testng.SuiteRunner.runTest(SuiteRunner.java:377)
at org.testng.SuiteRunner.runSequentially(SuiteRunner.java:371)
at org.testng.SuiteRunner.privateRun(SuiteRunner.java:332)
at org.testng.SuiteRunner.run(SuiteRunner.java:276)
at org.testng.SuiteRunnerWorker.runSuite(SuiteRunnerWorker.java:53)
at org.testng.SuiteRunnerWorker.run(SuiteRunnerWorker.java:96)
at org.testng.TestNG.runSuitesSequentially(TestNG.java:1212)
at org.testng.TestNG.runSuitesLocally(TestNG.java:1134)
at org.testng.TestNG.runSuites(TestNG.java:1063)
at org.testng.TestNG.run(TestNG.java:1031)
at org.apache.maven.surefire.testng.TestNGExecutor.run(TestNGExecutor.java:284)
at org.apache.maven.surefire.testng.TestNGXmlTestSuite.execute(TestNGXmlTestSuite.java:75)
at org.apache.maven.surefire.testng.TestNGProvider.invoke(TestNGProvider.java:119)
at org.apache.maven.surefire.booter.ForkedBooter.runSuitesInProcess(ForkedBooter.java:428)
at org.apache.maven.surefire.booter.ForkedBooter.execute(ForkedBooter.java:162)
at org.apache.maven.surefire.booter.ForkedBooter.run(ForkedBooter.java:562)
at org.apache.maven.surefire.booter.ForkedBooter.main(ForkedBooter.java:548)
]]>
            </full-stacktrace>
          </exception> <!-- java.lang.AssertionError -->
          <reporter-output>
          </reporter-output>
        </test-method> <!-- testWillFail -->
        <test-method is-config="true" signature="testTearDown(org.testng.ITestResult)[pri:0, instance:sampleshop.pages.HomePageTests@6c130c45]" started-at="2022-02-03T19:17:03 CET" name="testTearDown" finished-at="2022-02-03T19:17:03 CET" duration-ms="426" status="PASS">
          <params>
            <param index="0">
              <value>
                <![CDATA[[TestResult name=testWillFail status=FAILURE method=HomePageTests.testWillFail()[pri:0, instance:sampleshop.pages.HomePageTests@6c130c45] output={null}]]]>
              </value>
            </param>
          </params>
          <reporter-output>
          </reporter-output>
        </test-method> <!-- testTearDown -->
        <test-method is-config="true" signature="tearDown()[pri:0, instance:sampleshop.pages.HomePageTests@6c130c45]" started-at="2022-02-03T19:17:03 CET" name="tearDown" finished-at="2022-02-03T19:17:03 CET" duration-ms="85" status="PASS">
          <reporter-output>
          </reporter-output>
        </test-method> <!-- tearDown -->
      </class> <!-- sampleshop.pages.HomePageTests -->
      <class name="sampleshop.pages.ProductDetailsTest">
        <test-method is-config="true" signature="setUp()[pri:0, instance:sampleshop.pages.ProductDetailsTest@ea6147e]" started-at="2022-02-03T19:17:03 CET" name="setUp" finished-at="2022-02-03T19:17:04 CET" duration-ms="829" status="PASS">
          <reporter-output>
          </reporter-output>
        </test-method> <!-- setUp -->
        <test-method is-config="true" signature="openPage()[pri:0, instance:sampleshop.pages.ProductDetailsTest@ea6147e]" started-at="2022-02-03T19:17:04 CET" name="openPage" finished-at="2022-02-03T19:17:06 CET" duration-ms="1532" status="PASS">
          <reporter-output>
          </reporter-output>
        </test-method> <!-- openPage -->
        <test-method signature="orderElement()[pri:0, instance:sampleshop.pages.ProductDetailsTest@ea6147e]" started-at="2022-02-03T19:17:06 CET" name="orderElement" description="Zamawianie produktu - dodanie do koszyka" finished-at="2022-02-03T19:17:08 CET" duration-ms="2300" status="PASS">
          <reporter-output>
          </reporter-output>
        </test-method> <!-- orderElement -->
        <test-method is-config="true" signature="testTearDown(org.testng.ITestResult)[pri:0, instance:sampleshop.pages.ProductDetailsTest@ea6147e]" started-at="2022-02-03T19:17:08 CET" name="testTearDown" finished-at="2022-02-03T19:17:08 CET" duration-ms="1" status="PASS">
          <params>
            <param index="0">
              <value>
                <![CDATA[[TestResult name=orderElement status=SUCCESS method=ProductDetailsTest.orderElement()[pri:0, instance:sampleshop.pages.ProductDetailsTest@ea6147e] output={null}]]]>
              </value>
            </param>
          </params>
          <reporter-output>
          </reporter-output>
        </test-method> <!-- testTearDown -->
        <test-method is-config="true" signature="tearDown()[pri:0, instance:sampleshop.pages.ProductDetailsTest@ea6147e]" started-at="2022-02-03T19:17:08 CET" name="tearDown" finished-at="2022-02-03T19:17:08 CET" duration-ms="75" status="PASS">
          <reporter-output>
          </reporter-output>
        </test-method> <!-- tearDown -->
      </class> <!-- sampleshop.pages.ProductDetailsTest -->
    </test> <!-- /Users/joannajachowicz/IdeaProjects/Webinar-18a -->
  </suite> <!-- All Test Suite -->
</testng-results>
